[ 10%] [34m[1mGenerating include/cobots_axis_gui/moc_ros_launch_manager.cpp[0m
/home/hunajpu/dev_tt_ws/src/cobots_7thaxis/cobots_axis_gui/include/cobots_axis_gui/ros_launch_manager.hpp:0: Note: No relevant classes found. No output generated.
[35m[1mScanning dependencies of target cobot_7thaxis[0m
[ 20%] [32mBuilding CXX object CMakeFiles/cobot_7thaxis.dir/src/cobot_7thaxis.cpp.o[0m
[ 30%] [32mBuilding CXX object CMakeFiles/cobot_7thaxis.dir/include/cobots_axis_gui/moc_ros_launch_manager.cpp.o[0m
In file included from [01m[K/home/hunajpu/dev_tt_ws/src/cobots_7thaxis/cobots_axis_gui/src/cobot_7thaxis.cpp:3[m[K:
[01m[K/home/hunajpu/dev_tt_ws/src/cobots_7thaxis/cobots_axis_gui/include/cobots_axis_gui/ros_launch_manager.hpp:[m[K In member function â€˜[01m[Kpid_t ROSLaunchManager::start(Args ...)[m[Kâ€™:
[01m[K/home/hunajpu/dev_tt_ws/src/cobots_7thaxis/cobots_axis_gui/include/cobots_axis_gui/ros_launch_manager.hpp:53:45:[m[K [01;31m[Kerror: [m[Kâ€˜[01m[Kclass std::vector<std::__cxx11::basic_string<char> >[m[Kâ€™ has no member named â€˜[01m[Kc_str[m[Kâ€™
   53 |         char* argument_list[] = args_vector.[01;31m[Kc_str[m[K();
      |                                             [01;31m[K^~~~~[m[K
[01m[K/home/hunajpu/dev_tt_ws/src/cobots_7thaxis/cobots_axis_gui/src/cobot_7thaxis.cpp:[m[K In member function â€˜[01m[Kvirtual void rqt_plugin::Cobot7thAxis::saveSettings(qt_gui_cpp::Settings&, qt_gui_cpp::Settings&) const[m[Kâ€™:
[01m[K/home/hunajpu/dev_tt_ws/src/cobots_7thaxis/cobots_axis_gui/src/cobot_7thaxis.cpp:81:57:[m[K [01;35m[Kwarning: [m[Kunused parameter â€˜[01m[Kplugin_settings[m[Kâ€™ [[01;35m[K-Wunused-parameter[m[K]
   81 |   void Cobot7thAxis::saveSettings([01;35m[Kqt_gui_cpp::Settings& plugin_settings[m[K, qt_gui_cpp::Settings& instance_settings) const
      |                                   [01;35m[K~~~~~~~~~~~~~~~~~~~~~~^~~~~~~~~~~~~~~[m[K
[01m[K/home/hunajpu/dev_tt_ws/src/cobots_7thaxis/cobots_axis_gui/src/cobot_7thaxis.cpp:81:96:[m[K [01;35m[Kwarning: [m[Kunused parameter â€˜[01m[Kinstance_settings[m[Kâ€™ [[01;35m[K-Wunused-parameter[m[K]
   81 |   void Cobot7thAxis::saveSettings(qt_gui_cpp::Settings& plugin_settings, [01;35m[Kqt_gui_cpp::Settings& instance_settings[m[K) const
      |                                                                          [01;35m[K~~~~~~~~~~~~~~~~~~~~~~^~~~~~~~~~~~~~~~~[m[K
[01m[K/home/hunajpu/dev_tt_ws/src/cobots_7thaxis/cobots_axis_gui/src/cobot_7thaxis.cpp:[m[K In member function â€˜[01m[Kvirtual void rqt_plugin::Cobot7thAxis::restoreSettings(const qt_gui_cpp::Settings&, const qt_gui_cpp::Settings&)[m[Kâ€™:
[01m[K/home/hunajpu/dev_tt_ws/src/cobots_7thaxis/cobots_axis_gui/src/cobot_7thaxis.cpp:86:66:[m[K [01;35m[Kwarning: [m[Kunused parameter â€˜[01m[Kplugin_settings[m[Kâ€™ [[01;35m[K-Wunused-parameter[m[K]
   86 |   void Cobot7thAxis::restoreSettings([01;35m[Kconst qt_gui_cpp::Settings& plugin_settings[m[K, const qt_gui_cpp::Settings& instance_settings)
      |                                      [01;35m[K~~~~~~~~~~~~~~~~~~~~~~~~~~~~^~~~~~~~~~~~~~~[m[K
[01m[K/home/hunajpu/dev_tt_ws/src/cobots_7thaxis/cobots_axis_gui/src/cobot_7thaxis.cpp:86:111:[m[K [01;35m[Kwarning: [m[Kunused parameter â€˜[01m[Kinstance_settings[m[Kâ€™ [[01;35m[K-Wunused-parameter[m[K]
   86 |   void Cobot7thAxis::restoreSettings(const qt_gui_cpp::Settings& plugin_settings, [01;35m[Kconst qt_gui_cpp::Settings& instance_settings[m[K)
      |                                                                                   [01;35m[K~~~~~~~~~~~~~~~~~~~~~~~~~~~~^~~~~~~~~~~~~~~~~[m[K
In file included from [01m[K/home/hunajpu/dev_tt_ws/src/cobots_7thaxis/cobots_axis_gui/src/cobot_7thaxis.cpp:3[m[K:
/home/hunajpu/dev_tt_ws/src/cobots_7thaxis/cobots_axis_gui/include/cobots_axis_gui/ros_launch_manager.hpp: In instantiation of â€˜[01m[Kpid_t ROSLaunchManager::start(Args ...) [with Args = {const char*, const char*}; pid_t = int][m[Kâ€™:
[01m[K/home/hunajpu/dev_tt_ws/src/cobots_7thaxis/cobots_axis_gui/src/cobot_7thaxis.cpp:68:48:[m[K   required from here
[01m[K/home/hunajpu/dev_tt_ws/src/cobots_7thaxis/cobots_axis_gui/include/cobots_axis_gui/ros_launch_manager.hpp:54:25:[m[K [01;35m[Kwarning: [m[KISO C++ forbids converting a string constant to â€˜[01m[Kchar*[m[Kâ€™ [[01;35m[K-Wwrite-strings[m[K]
   54 |         char* command = [01;35m[K"ros2"[m[K;
      |                         [01;35m[K^~~~~~[m[K
[01m[K/home/hunajpu/dev_tt_ws/src/cobots_7thaxis/cobots_axis_gui/include/cobots_axis_gui/ros_launch_manager.hpp:68:35:[m[K [01;31m[Kerror: [m[Kcannot convert â€˜[01m[Kchar*[m[Kâ€™ to â€˜[01m[Kchar* const*[m[Kâ€™
   68 |                 ::execvp(command, [01;31m[Kcommand[m[K, args..., nullptr);
      |                                   [01;31m[K^~~~~~~[m[K
      |                                   [01;31m[K|[m[K
      |                                   [01;31m[Kchar*[m[K
In file included from [01m[K/home/hunajpu/dev_tt_ws/src/cobots_7thaxis/cobots_axis_gui/include/cobots_axis_gui/ros_launch_manager.hpp:3[m[K,
                 from [01m[K/home/hunajpu/dev_tt_ws/src/cobots_7thaxis/cobots_axis_gui/src/cobot_7thaxis.cpp:3[m[K:
[01m[K/usr/include/unistd.h:578:52:[m[K [01;36m[Knote: [m[K  initializing argument 2 of â€˜[01m[Kint execvp(const char*, char* const*)[m[Kâ€™
  578 | extern int execvp (const char *__file, [01;36m[Kchar *const __argv[][m[K)
      |                                        [01;36m[K~~~~~~~~~~~~^~~~~~~~[m[K
In file included from [01m[K/home/hunajpu/dev_tt_ws/src/cobots_7thaxis/cobots_axis_gui/src/cobot_7thaxis.cpp:3[m[K:
[01m[K/home/hunajpu/dev_tt_ws/src/cobots_7thaxis/cobots_axis_gui/include/cobots_axis_gui/ros_launch_manager.hpp:53:15:[m[K [01;35m[Kwarning: [m[Kunused variable â€˜[01m[Kargument_list[m[Kâ€™ [[01;35m[K-Wunused-variable[m[K]
   53 |         char* [01;35m[Kargument_list[m[K[] = args_vector.c_str();
      |               [01;35m[K^~~~~~~~~~~~~[m[K
In file included from [01m[K/usr/include/c++/9/numeric:62[m[K,
                 from [01m[K/opt/ros/foxy/include/libstatistics_collector/moving_average_statistics/moving_average.hpp:23[m[K,
                 from [01m[K/opt/ros/foxy/include/libstatistics_collector/collector/collector.hpp:22[m[K,
                 from [01m[K/opt/ros/foxy/include/libstatistics_collector/topic_statistics_collector/topic_statistics_collector.hpp:24[m[K,
                 from [01m[K/opt/ros/foxy/include/libstatistics_collector/topic_statistics_collector/received_message_age.hpp:26[m[K,
                 from [01m[K/opt/ros/foxy/include/rclcpp/topic_statistics/subscription_topic_statistics.hpp:26[m[K,
                 from [01m[K/opt/ros/foxy/include/rclcpp/subscription.hpp:50[m[K,
                 from [01m[K/opt/ros/foxy/include/rclcpp/any_executable.hpp:25[m[K,
                 from [01m[K/opt/ros/foxy/include/rclcpp/memory_strategy.hpp:24[m[K,
                 from [01m[K/opt/ros/foxy/include/rclcpp/memory_strategies.hpp:18[m[K,
                 from [01m[K/opt/ros/foxy/include/rclcpp/executor_options.hpp:20[m[K,
                 from [01m[K/opt/ros/foxy/include/rclcpp/executor.hpp:33[m[K,
                 from [01m[K/opt/ros/foxy/include/rclcpp/executors/multi_threaded_executor.hpp:26[m[K,
                 from [01m[K/opt/ros/foxy/include/rclcpp/executors.hpp:21[m[K,
                 from [01m[K/opt/ros/foxy/include/rclcpp/rclcpp.hpp:146[m[K,
                 from [01m[K/home/hunajpu/dev_tt_ws/src/cobots_7thaxis/cobots_axis_gui/include/cobots_axis_gui/cobot_7thaxis.h:5[m[K,
                 from [01m[K/home/hunajpu/dev_tt_ws/src/cobots_7thaxis/cobots_axis_gui/src/cobot_7thaxis.cpp:1[m[K:
[01m[K/usr/include/c++/9/bits/stl_numeric.h:[m[K At global scope:
[01m[K/usr/include/c++/9/bits/stl_numeric.h:158:5:[m[K [01;31m[Kerror: [m[Kâ€˜[01m[K_Tp std::accumulate(_InputIterator, _InputIterator, _Tp, _BinaryOperation) [with _InputIterator = __gnu_cxx::__normal_iterator<std::__cxx11::basic_string<char>*, std::vector<std::__cxx11::basic_string<char> > >; _Tp = std::__cxx11::basic_string<char>; _BinaryOperation = ROSLaunchManager::start(Args ...) [with Args = {const char*, const char*}; pid_t = int]::<lambda(std::string, std::string)>][m[Kâ€™, declared using local type â€˜[01m[KROSLaunchManager::start(Args ...) [with Args = {const char*, const char*}; pid_t = int]::<lambda(std::string, std::string)>[m[Kâ€™, is used but never defined [[01;31m[K-fpermissive[m[K]
  158 |     [01;31m[Kaccumulate[m[K(_InputIterator __first, _InputIterator __last, _Tp __init,
      |     [01;31m[K^~~~~~~~~~[m[K
make[2]: *** [CMakeFiles/cobot_7thaxis.dir/build.make:79: CMakeFiles/cobot_7thaxis.dir/src/cobot_7thaxis.cpp.o] Error 1
make[1]: *** [CMakeFiles/Makefile2:78: CMakeFiles/cobot_7thaxis.dir/all] Error 2
make: *** [Makefile:141: all] Error 2
