[0.150s] Invoking command in '/home/hunajpu/dev_tt_ws/build/cobots_axis_gui': CMAKE_PREFIX_PATH=${CMAKE_PREFIX_PATH}:/home/hunajpu/dev_tt_ws/install/rrbot_moveit_demo_nodes:/home/hunajpu/dev_tt_ws/install/gazebo_ros2_control_demos:/opt/ros/foxy /usr/bin/cmake --build /home/hunajpu/dev_tt_ws/build/cobots_axis_gui -- -j8 -l8
[1.109s] [ 20%] Generating include/cobots_axis_gui/moc_cobot_7thaxis.cpp
[1.342s] Scanning dependencies of target cobot_7thaxis
[1.342s] [ 40%] Building CXX object CMakeFiles/cobot_7thaxis.dir/src/cobot_7thaxis.cpp.o
[1.342s] [ 60%] Building CXX object CMakeFiles/cobot_7thaxis.dir/include/cobots_axis_gui/moc_cobot_7thaxis.cpp.o
[1.393s] /home/hunajpu/dev_tt_ws/src/cobots_7thaxis/cobots_axis_gui/src/cobot_7thaxis.cpp:1:10: fatal error: cobot_7thaxis.h: No such file or directory
[1.393s]     1 | #include "cobot_7thaxis.h"
[1.395s]       |          ^~~~~~~~~~~~~~~~~
[1.395s] compilation terminated.
[1.395s] make[2]: *** [CMakeFiles/cobot_7thaxis.dir/build.make:71: CMakeFiles/cobot_7thaxis.dir/src/cobot_7thaxis.cpp.o] Error 1
[1.395s] make[2]: *** Waiting for unfinished jobs....
[3.278s] make[1]: *** [CMakeFiles/Makefile2:78: CMakeFiles/cobot_7thaxis.dir/all] Error 2
[3.278s] make: *** [Makefile:141: all] Error 2
[3.281s] Invoked command in '/home/hunajpu/dev_tt_ws/build/cobots_axis_gui' returned '2': CMAKE_PREFIX_PATH=${CMAKE_PREFIX_PATH}:/home/hunajpu/dev_tt_ws/install/rrbot_moveit_demo_nodes:/home/hunajpu/dev_tt_ws/install/gazebo_ros2_control_demos:/opt/ros/foxy /usr/bin/cmake --build /home/hunajpu/dev_tt_ws/build/cobots_axis_gui -- -j8 -l8
