[0.214s] Invoking command in '/home/hunajpu/dev_tt_ws/build/cobots_axis_gui': CMAKE_PREFIX_PATH=${CMAKE_PREFIX_PATH}:/home/hunajpu/dev_tt_ws/install/rrbot_moveit_demo_nodes:/home/hunajpu/dev_tt_ws/install/gazebo_ros2_control_demos:/opt/ros/foxy /usr/bin/cmake /home/hunajpu/dev_tt_ws/src/cobots_7thaxis/cobots_axis_gui -G CodeBlocks - Unix Makefiles -DCMAKE_BUILD_TYPE=Debug -DCMAKE_INSTALL_PREFIX=/home/hunajpu/dev_tt_ws/install/cobots_axis_gui
[0.440s] -- Found ament_cmake: 0.9.9 (/opt/ros/foxy/share/ament_cmake/cmake)
[0.528s] -- Using PYTHON_EXECUTABLE: /usr/bin/python3
[1.876s] -- Found rclcpp: 2.4.1 (/opt/ros/foxy/share/rclcpp/cmake)
[2.181s] -- Using all available rosidl_typesupport_c: rosidl_typesupport_fastrtps_c;rosidl_typesupport_introspection_c
[2.181s] -- Found rosidl_adapter: 1.2.1 (/opt/ros/foxy/share/rosidl_adapter/cmake)
[3.149s] -- Using all available rosidl_typesupport_cpp: rosidl_typesupport_fastrtps_cpp;rosidl_typesupport_introspection_cpp
[3.430s] -- Found rmw_implementation_cmake: 1.0.3 (/opt/ros/foxy/share/rmw_implementation_cmake/cmake)
[3.436s] -- Using RMW implementation 'rmw_fastrtps_cpp' as default
[4.270s] -- Found ament_cmake_ros: 0.9.2 (/opt/ros/foxy/share/ament_cmake_ros/cmake)
[4.277s] -- Found rqt_gui_cpp: 1.1.2 (/opt/ros/foxy/share/rqt_gui_cpp/cmake)
[4.623s] -- Found ament_lint_auto: 0.9.6 (/opt/ros/foxy/share/ament_lint_auto/cmake)
[4.955s] -- Added test 'copyright' to check source files copyright and LICENSE
[4.963s] -- Added test 'cppcheck' to perform static code analysis on C / C++ code
[4.976s] -- Configured cppcheck include dirs: /home/hunajpu/dev_tt_ws/src/cobots_7thaxis/cobots_axis_gui/include
[4.976s] -- Configured cppcheck exclude dirs and/or files: 
[4.980s] -- Added test 'cpplint' to check C / C++ code against the Google style
[4.980s] -- Configured cpplint exclude dirs and/or files: 
[4.983s] -- Added test 'flake8' to check Python code syntax and style conventions
[4.996s] -- Added test 'lint_cmake' to check CMake code style
[4.998s] -- Added test 'pep257' to check Python code against some of the style conventions in PEP 257
[5.000s] -- Added test 'uncrustify' to check C / C++ code style
[5.003s] -- Configured uncrustify additional arguments: 
[5.007s] -- Added test 'xmllint' to check XML markup files
[5.020s] -- Configuring done
[5.170s] -- Generating done
[5.182s] -- Build files have been written to: /home/hunajpu/dev_tt_ws/build/cobots_axis_gui
[5.235s] Invoked command in '/home/hunajpu/dev_tt_ws/build/cobots_axis_gui' returned '0': CMAKE_PREFIX_PATH=${CMAKE_PREFIX_PATH}:/home/hunajpu/dev_tt_ws/install/rrbot_moveit_demo_nodes:/home/hunajpu/dev_tt_ws/install/gazebo_ros2_control_demos:/opt/ros/foxy /usr/bin/cmake /home/hunajpu/dev_tt_ws/src/cobots_7thaxis/cobots_axis_gui -G CodeBlocks - Unix Makefiles -DCMAKE_BUILD_TYPE=Debug -DCMAKE_INSTALL_PREFIX=/home/hunajpu/dev_tt_ws/install/cobots_axis_gui
[5.236s] Invoking command in '/home/hunajpu/dev_tt_ws/build/cobots_axis_gui': CMAKE_PREFIX_PATH=${CMAKE_PREFIX_PATH}:/home/hunajpu/dev_tt_ws/install/rrbot_moveit_demo_nodes:/home/hunajpu/dev_tt_ws/install/gazebo_ros2_control_demos:/opt/ros/foxy /usr/bin/cmake --build /home/hunajpu/dev_tt_ws/build/cobots_axis_gui -- -j8 -l8
[5.521s] make[2]: *** No rule to make target '/home/hunajpu/dev_tt_ws/src/cobots_7thaxis/cobots_axis_gui/include/cobots_axis_gui/cobot_7thaxis.hpp', needed by 'include/cobots_axis_gui/moc_cobot_7thaxis.cpp'.  Stop.
[5.521s] make[2]: *** Waiting for unfinished jobs....
[5.570s] [ 20%] Generating ui_cobot_7thaxis.h
[5.612s] make[1]: *** [CMakeFiles/Makefile2:77: CMakeFiles/cobot_7thaxis.dir/all] Error 2
[5.612s] make: *** [Makefile:141: all] Error 2
[5.616s] Invoked command in '/home/hunajpu/dev_tt_ws/build/cobots_axis_gui' returned '2': CMAKE_PREFIX_PATH=${CMAKE_PREFIX_PATH}:/home/hunajpu/dev_tt_ws/install/rrbot_moveit_demo_nodes:/home/hunajpu/dev_tt_ws/install/gazebo_ros2_control_demos:/opt/ros/foxy /usr/bin/cmake --build /home/hunajpu/dev_tt_ws/build/cobots_axis_gui -- -j8 -l8
